<?xml version="1.0" encoding="UTF-8" ?>
<testsuite tests="17" failures="0" name="com.qa.ims.persistence.dao.OrderDAOTest" time="11.786" errors="0" skipped="0">
  <properties>
[...]
</properties>
  <testcase classname="com.qa.ims.persistence.dao.OrderDAOTest" name="testCreateOrderline" time="0.902"/>
  <testcase classname="com.qa.ims.persistence.dao.OrderDAOTest" name="testReadLatest" time="0.867"/>
  <testcase classname="com.qa.ims.persistence.dao.OrderDAOTest" name="testRead" time="0.666"/>
  <testcase classname="com.qa.ims.persistence.dao.OrderDAOTest" name="testUpdateItem" time="0.694"/>
  <testcase classname="com.qa.ims.persistence.dao.OrderDAOTest" name="testReadLatestFAIL" time="0.687"/>
  <testcase classname="com.qa.ims.persistence.dao.OrderDAOTest" name="testReadOrderFAIL" time="0.581"/>
  <testcase classname="com.qa.ims.persistence.dao.OrderDAOTest" name="testReadItem" time="0.575"/>
  <testcase classname="com.qa.ims.persistence.dao.OrderDAOTest" name="testDeleteOrderline" time="0.807"/>
  <testcase classname="com.qa.ims.persistence.dao.OrderDAOTest" name="testReadAllCustomers" time="0.551"/>
  <testcase classname="com.qa.ims.persistence.dao.OrderDAOTest" name="testCreateFAIL" time="0.576"/>
  <testcase classname="com.qa.ims.persistence.dao.OrderDAOTest" name="testReadAll" time="0.765"/>
  <testcase classname="com.qa.ims.persistence.dao.OrderDAOTest" name="testDeleteItem" time="0.603"/>
  <testcase classname="com.qa.ims.persistence.dao.OrderDAOTest" name="testCreate" time="0.758"/>
  <testcase classname="com.qa.ims.persistence.dao.OrderDAOTest" name="testDelete" time="0.801"/>
  <testcase classname="com.qa.ims.persistence.dao.OrderDAOTest" name="testReadAllItems" time="0.58"/>
  <testcase classname="com.qa.ims.persistence.dao.OrderDAOTest" name="testUpdateDateTime" time="0.613"/>
  <testcase classname="com.qa.ims.persistence.dao.OrderDAOTest" name="testUpdate" time="0.76"/>
</testsuite>